<?xml version="1.0" encoding="UTF-8"?>
<coverage generated="1693428438088" clover="3.2.0">
  <project timestamp="1693428438088" name="All files">
    <metrics statements="43" coveredstatements="13" conditionals="10" coveredconditionals="1" methods="14" coveredmethods="1" elements="67" coveredelements="15" complexity="0" loc="43" ncloc="43" packages="1" files="2" classes="2"/>
    <file name="History.tsx" path="/Users/edwinleong/Documents/codesmith/ART/client/Components/History.tsx">
      <metrics statements="31" coveredstatements="4" conditionals="8" coveredconditionals="0" methods="10" coveredmethods="0"/>
      <line num="1" count="1" type="stmt"/>
      <line num="2" count="1" type="stmt"/>
      <line num="3" count="1" type="stmt"/>
      <line num="7" count="0" type="stmt"/>
      <line num="8" count="0" type="stmt"/>
      <line num="10" count="0" type="cond" truecount="0" falsecount="4"/>
      <line num="11" count="0" type="stmt"/>
      <line num="13" count="0" type="stmt"/>
      <line num="15" count="0" type="stmt"/>
      <line num="17" count="0" type="stmt"/>
      <line num="19" count="0" type="stmt"/>
      <line num="29" count="0" type="cond" truecount="0" falsecount="2"/>
      <line num="30" count="0" type="stmt"/>
      <line num="31" count="0" type="stmt"/>
      <line num="33" count="0" type="stmt"/>
      <line num="36" count="0" type="stmt"/>
      <line num="40" count="0" type="stmt"/>
      <line num="41" count="0" type="stmt"/>
      <line num="42" count="0" type="stmt"/>
      <line num="50" count="0" type="cond" truecount="0" falsecount="2"/>
      <line num="51" count="0" type="stmt"/>
      <line num="52" count="0" type="stmt"/>
      <line num="53" count="0" type="stmt"/>
      <line num="55" count="0" type="stmt"/>
      <line num="58" count="0" type="stmt"/>
      <line num="62" count="0" type="stmt"/>
      <line num="63" count="0" type="stmt"/>
      <line num="66" count="0" type="stmt"/>
      <line num="75" count="0" type="stmt"/>
      <line num="91" count="0" type="stmt"/>
      <line num="100" count="1" type="stmt"/>
    </file>
    <file name="NavBar.tsx" path="/Users/edwinleong/Documents/codesmith/ART/client/Components/NavBar.tsx">
      <metrics statements="12" coveredstatements="9" conditionals="2" coveredconditionals="1" methods="4" coveredmethods="1"/>
      <line num="1" count="1" type="stmt"/>
      <line num="2" count="1" type="stmt"/>
      <line num="4" count="1" type="stmt"/>
      <line num="7" count="1" type="stmt"/>
      <line num="9" count="1" type="stmt"/>
      <line num="11" count="1" type="stmt"/>
      <line num="12" count="0" type="stmt"/>
      <line num="15" count="1" type="stmt"/>
      <line num="16" count="0" type="stmt"/>
      <line num="18" count="1" type="stmt"/>
      <line num="20" count="0" type="stmt"/>
      <line num="34" count="1" type="stmt"/>
    </file>
  </project>
</coverage>
