{"/Users/edwinleong/Documents/codesmith/ART/client/Components/History.tsx": {"path":"/Users/edwinleong/Documents/codesmith/ART/client/Components/History.tsx","statementMap":{"0":{"start":{"line":1,"column":0},"end":{"line":1,"column":69}},"1":{"start":{"line":2,"column":0},"end":{"line":2,"column":46}},"2":{"start":{"line":3,"column":0},"end":{"line":3,"column":35}},"3":{"start":{"line":7,"column":19},"end":{"line":7,"column":32}},"4":{"start":{"line":8,"column":40},"end":{"line":8,"column":67}},"5":{"start":{"line":10,"column":16},"end":{"line":10,"column":37}},"6":{"start":{"line":11,"column":2},"end":{"line":11,"column":null}},"7":{"start":{"line":13,"column":28},"end":{"line":38,"column":null}},"8":{"start":{"line":13,"column":67},"end":{"line":38,"column":null}},"9":{"start":{"line":15,"column":4},"end":{"line":15,"column":null}},"10":{"start":{"line":17,"column":4},"end":{"line":37,"column":null}},"11":{"start":{"line":19,"column":23},"end":{"line":27,"column":8}},"12":{"start":{"line":29,"column":6},"end":{"line":34,"column":null}},"13":{"start":{"line":30,"column":35},"end":{"line":30,"column":87}},"14":{"start":{"line":30,"column":65},"end":{"line":30,"column":86}},"15":{"start":{"line":31,"column":8},"end":{"line":31,"column":null}},"16":{"start":{"line":33,"column":8},"end":{"line":33,"column":null}},"17":{"start":{"line":36,"column":6},"end":{"line":36,"column":null}},"18":{"start":{"line":40,"column":27},"end":{"line":60,"column":null}},"19":{"start":{"line":40,"column":53},"end":{"line":60,"column":null}},"20":{"start":{"line":41,"column":4},"end":{"line":59,"column":null}},"21":{"start":{"line":42,"column":23},"end":{"line":49,"column":8}},"22":{"start":{"line":50,"column":6},"end":{"line":56,"column":null}},"23":{"start":{"line":51,"column":21},"end":{"line":51,"column":42}},"24":{"start":{"line":52,"column":8},"end":{"line":52,"column":null}},"25":{"start":{"line":53,"column":8},"end":{"line":53,"column":null}},"26":{"start":{"line":55,"column":8},"end":{"line":55,"column":null}},"27":{"start":{"line":58,"column":6},"end":{"line":58,"column":null}},"28":{"start":{"line":62,"column":2},"end":{"line":64,"column":null}},"29":{"start":{"line":63,"column":4},"end":{"line":63,"column":null}},"30":{"start":{"line":66,"column":2},"end":{"line":97,"column":null}},"31":{"start":{"line":75,"column":12},"end":{"line":91,"column":null}},"32":{"start":{"line":91,"column":56},"end":{"line":91,"column":114}},"33":{"start":{"line":91,"column":59},"end":{"line":91,"column":96}},"34":{"start":{"line":100,"column":0},"end":{"line":100,"column":null}}},"fnMap":{"0":{"name":"History","decl":{"start":{"line":6,"column":9},"end":{"line":6,"column":16}},"loc":{"start":{"line":6,"column":46},"end":{"line":98,"column":1}}},"1":{"name":"(anonymous_14)","decl":{"start":{"line":13,"column":28},"end":{"line":13,"column":35}},"loc":{"start":{"line":13,"column":67},"end":{"line":38,"column":null}}},"2":{"name":"(anonymous_15)","decl":{"start":{"line":13,"column":67},"end":{"line":13,"column":null}},"loc":{"start":{"line":13,"column":67},"end":{"line":38,"column":3}}},"3":{"name":"(anonymous_16)","decl":{"start":{"line":30,"column":54},"end":{"line":30,"column":55}},"loc":{"start":{"line":30,"column":65},"end":{"line":30,"column":86}}},"4":{"name":"(anonymous_17)","decl":{"start":{"line":40,"column":27},"end":{"line":40,"column":51}},"loc":{"start":{"line":40,"column":53},"end":{"line":60,"column":null}}},"5":{"name":"(anonymous_18)","decl":{"start":{"line":40,"column":53},"end":{"line":40,"column":null}},"loc":{"start":{"line":40,"column":53},"end":{"line":60,"column":3}}},"6":{"name":"(anonymous_19)","decl":{"start":{"line":62,"column":12},"end":{"line":62,"column":15}},"loc":{"start":{"line":62,"column":17},"end":{"line":64,"column":3}}},"7":{"name":"(anonymous_20)","decl":{"start":{"line":74,"column":27},"end":{"line":74,"column":28}},"loc":{"start":{"line":75,"column":12},"end":{"line":91,"column":null}}},"8":{"name":"(anonymous_21)","decl":{"start":{"line":91,"column":45},"end":{"line":91,"column":54}},"loc":{"start":{"line":91,"column":56},"end":{"line":91,"column":114}}},"9":{"name":"(anonymous_22)","decl":{"start":{"line":91,"column":56},"end":{"line":91,"column":59}},"loc":{"start":{"line":91,"column":56},"end":{"line":91,"column":97}}}},"branchMap":{"0":{"loc":{"start":{"line":10,"column":16},"end":{"line":10,"column":37}},"type":"cond-expr","locations":[{"start":{"line":10,"column":30},"end":{"line":10,"column":32}},{"start":{"line":10,"column":30},"end":{"line":10,"column":37}}]},"1":{"loc":{"start":{"line":10,"column":16},"end":{"line":10,"column":32}},"type":"binary-expr","locations":[{"start":{"line":10,"column":16},"end":{"line":10,"column":32}},{"start":{"line":10,"column":30},"end":{"line":10,"column":32}}]},"2":{"loc":{"start":{"line":29,"column":6},"end":{"line":34,"column":null}},"type":"if","locations":[{"start":{"line":29,"column":6},"end":{"line":34,"column":null}},{"start":{"line":32,"column":13},"end":{"line":34,"column":null}}]},"3":{"loc":{"start":{"line":50,"column":6},"end":{"line":56,"column":null}},"type":"if","locations":[{"start":{"line":50,"column":6},"end":{"line":56,"column":null}},{"start":{"line":54,"column":13},"end":{"line":56,"column":null}}]}},"s":{"0":1,"1":1,"2":1,"3":0,"4":0,"5":0,"6":0,"7":0,"8":0,"9":0,"10":0,"11":0,"12":0,"13":0,"14":0,"15":0,"16":0,"17":0,"18":0,"19":0,"20":0,"21":0,"22":0,"23":0,"24":0,"25":0,"26":0,"27":0,"28":0,"29":0,"30":0,"31":0,"32":0,"33":0,"34":1},"f":{"0":0,"1":0,"2":0,"3":0,"4":0,"5":0,"6":0,"7":0,"8":0,"9":0},"b":{"0":[0,0],"1":[0,0],"2":[0,0],"3":[0,0]}}
,"/Users/edwinleong/Documents/codesmith/ART/client/Components/NavBar.tsx": {"path":"/Users/edwinleong/Documents/codesmith/ART/client/Components/NavBar.tsx","statementMap":{"0":{"start":{"line":1,"column":0},"end":{"line":1,"column":58}},"1":{"start":{"line":2,"column":0},"end":{"line":2,"column":46}},"2":{"start":{"line":4,"column":0},"end":{"line":4,"column":31}},"3":{"start":{"line":7,"column":19},"end":{"line":7,"column":32}},"4":{"start":{"line":9,"column":40},"end":{"line":9,"column":55}},"5":{"start":{"line":11,"column":20},"end":{"line":13,"column":3}},"6":{"start":{"line":12,"column":4},"end":{"line":12,"column":null}},"7":{"start":{"line":15,"column":21},"end":{"line":17,"column":3}},"8":{"start":{"line":16,"column":4},"end":{"line":16,"column":null}},"9":{"start":{"line":18,"column":2},"end":{"line":31,"column":null}},"10":{"start":{"line":20,"column":73},"end":{"line":20,"column":87}},"11":{"start":{"line":34,"column":0},"end":{"line":34,"column":null}}},"fnMap":{"0":{"name":"NavBar","decl":{"start":{"line":6,"column":9},"end":{"line":6,"column":15}},"loc":{"start":{"line":6,"column":15},"end":{"line":32,"column":1}}},"1":{"name":"(anonymous_8)","decl":{"start":{"line":11,"column":20},"end":{"line":11,"column":23}},"loc":{"start":{"line":11,"column":25},"end":{"line":13,"column":3}}},"2":{"name":"(anonymous_9)","decl":{"start":{"line":15,"column":21},"end":{"line":15,"column":24}},"loc":{"start":{"line":15,"column":26},"end":{"line":17,"column":3}}},"3":{"name":"(anonymous_10)","decl":{"start":{"line":20,"column":59},"end":{"line":20,"column":68}},"loc":{"start":{"line":20,"column":70},"end":{"line":20,"column":88}}}},"branchMap":{"0":{"loc":{"start":{"line":29,"column":7},"end":{"line":29,"column":57}},"type":"binary-expr","locations":[{"start":{"line":29,"column":7},"end":{"line":29,"column":18}},{"start":{"line":29,"column":22},"end":{"line":29,"column":57}}]}},"s":{"0":1,"1":1,"2":1,"3":1,"4":1,"5":1,"6":0,"7":1,"8":0,"9":1,"10":0,"11":1},"f":{"0":1,"1":0,"2":0,"3":0},"b":{"0":[1,0]}}
}
