TN:
SF:client/Components/History.tsx
FN:6,History
FN:13,(anonymous_14)
FN:13,(anonymous_15)
FN:30,(anonymous_16)
FN:40,(anonymous_17)
FN:40,(anonymous_18)
FN:62,(anonymous_19)
FN:74,(anonymous_20)
FN:91,(anonymous_21)
FN:91,(anonymous_22)
FNF:10
FNH:0
FNDA:0,History
FNDA:0,(anonymous_14)
FNDA:0,(anonymous_15)
FNDA:0,(anonymous_16)
FNDA:0,(anonymous_17)
FNDA:0,(anonymous_18)
FNDA:0,(anonymous_19)
FNDA:0,(anonymous_20)
FNDA:0,(anonymous_21)
FNDA:0,(anonymous_22)
DA:1,1
DA:2,1
DA:3,1
DA:7,0
DA:8,0
DA:10,0
DA:11,0
DA:13,0
DA:15,0
DA:17,0
DA:19,0
DA:29,0
DA:30,0
DA:31,0
DA:33,0
DA:36,0
DA:40,0
DA:41,0
DA:42,0
DA:50,0
DA:51,0
DA:52,0
DA:53,0
DA:55,0
DA:58,0
DA:62,0
DA:63,0
DA:66,0
DA:75,0
DA:91,0
DA:100,1
LF:31
LH:4
BRDA:10,0,0,0
BRDA:10,0,1,0
BRDA:10,1,0,0
BRDA:10,1,1,0
BRDA:29,2,0,0
BRDA:29,2,1,0
BRDA:50,3,0,0
BRDA:50,3,1,0
BRF:8
BRH:0
end_of_record
TN:
SF:client/Components/NavBar.tsx
FN:6,NavBar
FN:11,(anonymous_8)
FN:15,(anonymous_9)
FN:20,(anonymous_10)
FNF:4
FNH:1
FNDA:1,NavBar
FNDA:0,(anonymous_8)
FNDA:0,(anonymous_9)
FNDA:0,(anonymous_10)
DA:1,1
DA:2,1
DA:4,1
DA:7,1
DA:9,1
DA:11,1
DA:12,0
DA:15,1
DA:16,0
DA:18,1
DA:20,0
DA:34,1
LF:12
LH:9
BRDA:29,0,0,1
BRDA:29,0,1,0
BRF:2
BRH:1
end_of_record
